#
# There is insufficient memory for the Java Runtime Environment to continue.
# Native memory allocation (malloc) failed to allocate 1048576 bytes for AllocateHeap
# Possible reasons:
#   The system is out of physical RAM or swap space
#   In 32 bit mode, the process size limit was hit
# Possible solutions:
#   Reduce memory load on the system
#   Increase physical memory or swap space
#   Check if swap backing store is full
#   Use 64 bit Java on a 64 bit OS
#   Decrease Java heap size (-Xmx/-Xms)
#   Decrease number of Java threads
#   Decrease Java thread stack sizes (-Xss)
#   Set larger code cache with -XX:ReservedCodeCacheSize=
# This output file may be truncated or incomplete.
#
#  Out of Memory Error (memory/allocation.inline.hpp:61), pid=2904, tid=0x0000000000002114
#
# JRE version:  (8.0_152-b01) (build )
# Java VM: OpenJDK 64-Bit Server VM (25.152-b01 mixed mode windows-amd64 compressed oops)
# Failed to write core dump. Minidumps are not enabled by default on client versions of Windows
#

---------------  T H R E A D  ---------------

Current thread (0x0000000004b3e000):  JavaThread "Unknown thread" [_thread_in_vm, id=8468, stack(0x0000000004b40000,0x0000000004c40000)]

Stack: [0x0000000004b40000,0x0000000004c40000]
[error occurred during error reporting (printing stack bounds), id 0xc0000005]

Native frames: (J=compiled Java code, j=interpreted, Vv=VM code, C=native code)


---------------  P R O C E S S  ---------------

Java Threads: ( => current thread )

Other Threads:

=>0x0000000004b3e000 (exited) JavaThread "Unknown thread" [_thread_in_vm, id=8468, stack(0x0000000004b40000,0x0000000004c40000)]

VM state:not at safepoint (normal execution)

VM Mutex/Monitor currently owned by a thread: None

Heap:
 PSYoungGen      total 17920K, used 307K [0x00000000e0000000, 0x00000000e1400000, 0x0000000100000000)
  eden space 15360K, 2% used [0x00000000e0000000,0x00000000e004ccd8,0x00000000e0f00000)
  from space 2560K, 0% used [0x00000000e1180000,0x00000000e1180000,0x00000000e1400000)
  to   space 2560K, 0% used [0x00000000e0f00000,0x00000000e0f00000,0x00000000e1180000)
 ParOldGen       total 40960K, used 0K [0x00000000a0000000, 0x00000000a2800000, 0x00000000e0000000)
  object space 40960K, 0% used [0x00000000a0000000,0x00000000a0000000,0x00000000a2800000)
 Metaspace       used 772K, capacity 4480K, committed 4480K, reserved 1056768K
  class space    used 73K, capacity 384K, committed 384K, reserved 1048576K

Card table byte_map: [0x0000000014100000,0x0000000014410000] byte_map_base: 0x0000000013c00000

Marking Bits: (ParMarkBitMap*) 0x0000000052cc3950
 Begin Bits: [0x0000000014a10000, 0x0000000016210000)
 End Bits:   [0x0000000016210000, 0x0000000017a10000)

Polling page: 0x0000000002e60000

CodeCache: size=245760Kb used=327Kb max_used=327Kb free=245432Kb
 bounds [0x0000000004d40000, 0x0000000004fb0000, 0x0000000013d40000]
 total_blobs=56 nmethods=0 adapters=38
 compilation: enabled

Compilation events (0 events):
No events

GC Heap History (0 events):
No events

Deoptimization events (0 events):
No events

Classes redefined (0 events):
No events

Internal exceptions (0 events):
No events

Events (10 events):
Event: 0.070 loading class java/lang/Short
Event: 0.071 loading class java/lang/Short done
Event: 0.071 loading class java/lang/Integer
Event: 0.071 loading class java/lang/Integer done
Event: 0.071 loading class java/lang/Long
Event: 0.072 loading class java/lang/Long done
Event: 0.074 loading class java/lang/NullPointerException
Event: 0.075 loading class java/lang/NullPointerException done
Event: 0.075 loading class java/lang/ArithmeticException
Event: 0.075 loading class java/lang/ArithmeticException done


Dynamic libraries:
0x00007ff78d500000 - 0x00007ff78d531000 	C:\Program Files\Android\Android Studio\jre\jre\bin\java.exe
0x00007ffd971d0000 - 0x00007ffd973b0000 	C:\WINDOWS\SYSTEM32\ntdll.dll
0x00007ffd97050000 - 0x00007ffd970fe000 	C:\WINDOWS\System32\KERNEL32.DLL
0x00007ffd939c0000 - 0x00007ffd93c26000 	C:\WINDOWS\System32\KERNELBASE.dll
0x00007ffd94d40000 - 0x00007ffd94de1000 	C:\WINDOWS\System32\ADVAPI32.dll
0x00007ffd947e0000 - 0x00007ffd9487d000 	C:\WINDOWS\System32\msvcrt.dll
0x00007ffd96d80000 - 0x00007ffd96ddb000 	C:\WINDOWS\System32\sechost.dll
0x00007ffd94b90000 - 0x00007ffd94caf000 	C:\WINDOWS\System32\RPCRT4.dll
0x00007ffd94f60000 - 0x00007ffd950ef000 	C:\WINDOWS\System32\USER32.dll
0x00007ffd93950000 - 0x00007ffd93970000 	C:\WINDOWS\System32\win32u.dll
0x00007ffd97020000 - 0x00007ffd97048000 	C:\WINDOWS\System32\GDI32.dll
0x00007ffd93d10000 - 0x00007ffd93ea3000 	C:\WINDOWS\System32\gdi32full.dll
0x00007ffd93eb0000 - 0x00007ffd93f4b000 	C:\WINDOWS\System32\msvcp_win.dll
0x00007ffd935d0000 - 0x00007ffd936c6000 	C:\WINDOWS\System32\ucrtbase.dll
0x00007ffd85d00000 - 0x00007ffd85f69000 	C:\WINDOWS\WinSxS\amd64_microsoft.windows.common-controls_6595b64144ccf1df_6.0.16299.192_none_15c8cdae9364c23b\COMCTL32.dll
0x00007ffd94880000 - 0x00007ffd94b88000 	C:\WINDOWS\System32\combase.dll
0x00007ffd93c30000 - 0x00007ffd93ca2000 	C:\WINDOWS\System32\bcryptPrimitives.dll
0x00007ffd947b0000 - 0x00007ffd947dd000 	C:\WINDOWS\System32\IMM32.DLL
0x0000000052420000 - 0x00000000524f2000 	C:\Program Files\Android\Android Studio\jre\jre\bin\msvcr100.dll
0x0000000052500000 - 0x0000000052d3e000 	C:\Program Files\Android\Android Studio\jre\jre\bin\server\jvm.dll
0x00007ffd94cb0000 - 0x00007ffd94cb8000 	C:\WINDOWS\System32\PSAPI.DLL
0x00007ffd917b0000 - 0x00007ffd917d3000 	C:\WINDOWS\SYSTEM32\WINMM.dll
0x00007ffd90440000 - 0x00007ffd9044a000 	C:\WINDOWS\SYSTEM32\VERSION.dll
0x00007ffd8f740000 - 0x00007ffd8f749000 	C:\WINDOWS\SYSTEM32\WSOCK32.dll
0x00007ffd96de0000 - 0x00007ffd96e4c000 	C:\WINDOWS\System32\WS2_32.dll
0x00007ffd91780000 - 0x00007ffd917aa000 	C:\WINDOWS\SYSTEM32\WINMMBASE.dll
0x00007ffd93970000 - 0x00007ffd939ba000 	C:\WINDOWS\System32\cfgmgr32.dll
0x00007ffd8f730000 - 0x00007ffd8f73f000 	C:\Program Files\Android\Android Studio\jre\jre\bin\verify.dll
0x00007ffd800d0000 - 0x00007ffd800f9000 	C:\Program Files\Android\Android Studio\jre\jre\bin\java.dll
0x00007ffd8aa60000 - 0x00007ffd8aa76000 	C:\Program Files\Android\Android Studio\jre\jre\bin\zip.dll

VM Arguments:
jvm_args: -Djava.awt.headless=true -Djava.rmi.server.hostname=localhost -Xmx1536m -Dkotlin.environment.keepalive 
java_command: org.jetbrains.kotlin.daemon.KotlinCompileDaemon --daemon-runFilesPath C:\Users\Kent\AppData\Local\kotlin\daemon --daemon-autoshutdownIdleSeconds=7200 --daemon-compilerClasspath C:\Users\Kent\.gradle\caches\modules-2\files-2.1\org.jetbrains.kotlin\kotlin-compiler-embeddable\1.2.21\39456b64a42dc359e385697e2e93b5cba52e197f\kotlin-compiler-embeddable-1.2.21.jar;C:\Users\Kent\.gradle\caches\modules-2\files-2.1\org.jetbrains.kotlin\kotlin-stdlib\1.2.21\d64187eb2d9d1521be3421aa8c6774a8625cdde8\kotlin-stdlib-1.2.21.jar;C:\Users\Kent\.gradle\caches\modules-2\files-2.1\org.jetbrains.kotlin\kotlin-script-runtime\1.2.21\40c37b171146be48a989ab74b937b17a96d28d87\kotlin-script-runtime-1.2.21.jar;C:\Users\Kent\.gradle\caches\modules-2\files-2.1\org.jetbrains.kotlin\kotlin-reflect\1.2.21\3159ff5936aa570a90050d385cb717fbb6c1723a\kotlin-reflect-1.2.21.jar;C:\Program Files\Android\Android Studio\jre\lib\tools.jar
java_class_path (initial): C:\Users\Kent\.gradle\caches\modules-2\files-2.1\org.jetbrains.kotlin\kotlin-compiler-embeddable\1.2.21\39456b64a42dc359e385697e2e93b5cba52e197f\kotlin-compiler-embeddable-1.2.21.jar;C:\Users\Kent\.gradle\caches\modules-2\files-2.1\org.jetbrains.kotlin\kotlin-stdlib\1.2.21\d64187eb2d9d1521be3421aa8c6774a8625cdde8\kotlin-stdlib-1.2.21.jar;C:\Users\Kent\.gradle\caches\modules-2\files-2.1\org.jetbrains.kotlin\kotlin-script-runtime\1.2.21\40c37b171146be48a989ab74b937b17a96d28d87\kotlin-script-runtime-1.2.21.jar;C:\Users\Kent\.gradle\caches\modules-2\files-2.1\org.jetbrains.kotlin\kotlin-reflect\1.2.21\3159ff5936aa570a90050d385cb717fbb6c1723a\kotlin-reflect-1.2.21.jar;C:\Program Files\Android\Android Studio\jre\lib\tools.jar
Launcher Type: SUN_STANDARD

Environment Variables:
PATH=C:\WINDOWS\system32;C:\WINDOWS;C:\WINDOWS\System32\Wbem;C:\WINDOWS\System32\WindowsPowerShell\v1.0\;C:\Program Files\Git\cmd;C:\Users\Kent\AppData\Local\Microsoft\WindowsApps;
USERNAME=Kent
OS=Windows_NT
PROCESSOR_IDENTIFIER=Intel64 Family 6 Model 37 Stepping 5, GenuineIntel



---------------  S Y S T E M  ---------------

OS: Windows 10.0 , 64 bit Build 16299 (10.0.16299.15)

CPU:total 4 (initial active 4) (2 cores per cpu, 2 threads per core) family 6 model 37 stepping 5, cmov, cx8, fxsr, mmx, sse, sse2, sse3, ssse3, sse4.1, sse4.2, popcnt, ht, tsc, tscinvbit

Memory: 4k page, physical 3848288k(1274344k free), swap 5246048k(5500k free)

vm_info: OpenJDK 64-Bit Server VM (25.152-b01) for windows-amd64 JRE (1.8.0_152-release-915-b01), built by "builder" with MS VC++ 10.0 (VS2010)

time: Wed Mar 07 11:32:00 2018
elapsed time: 0 seconds (0d 0h 0m 0s)

